<?xml version="1.0" encoding="UTF-8"?>
<!-- Generated by org.testng.reporters.JUnitReportReporter -->
<testsuite hostname="DESKTOP-64MSB80" failures="0" tests="1" name="tests.LFV_RecipesToAvoid" time="26.366" errors="0" timestamp="14 Jul 2024 23:47:19 GMT" skipped="0">
  <testcase classname="tests.LFV_RecipesToAvoid" name="extractOptionalRecipes" time="26.366"/>
</testsuite> <!-- tests.LFV_RecipesToAvoid -->
