<?xml version="1.0" encoding="UTF-8"?>
<!-- Generated by org.testng.reporters.JUnitReportReporter -->
<testsuite hostname="DESKTOP-64MSB80" failures="0" tests="1" name="tests.LFV_RecipesToAvoid" time="17.906" errors="0" timestamp="13 Jul 2024 23:20:01 GMT" skipped="0">
  <testcase classname="tests.LFV_RecipesToAvoid" name="extractOptionalRecipes" time="17.906"/>
</testsuite> <!-- tests.LFV_RecipesToAvoid -->
